
  .   ____          _            __ _ _
 /\\ / ___'_ __ _ _(_)_ __  __ _ \ \ \ \
( ( )\___ | '_ | '_| | '_ \/ _` | \ \ \ \
 \\/  ___)| |_)| | | | | || (_| |  ) ) ) )
  '  |____| .__|_| |_|_| |_\__, | / / / /
 =========|_|==============|___/=/_/_/_/

 :: Spring Boot ::                (v3.3.2)

{"timestamp":"2026-01-28 17:01:13,860","level":"INFO","thread":"main","logger":"c.e.p.a.AuthServiceApplication","message":"Starting AuthServiceApplication using Java 17.0.17 with PID 5792 (/Users/Aditya/Desktop/PROCTORING/backend/auth-service/target/auth-service-1.0.0.jar started by Aditya in /Users/Aditya/Desktop/PROCTORING/backend)","mdc":}
{"timestamp":"2026-01-28 17:01:13,880","level":"INFO","thread":"main","logger":"c.e.p.a.AuthServiceApplication","message":"No active profile set, falling back to 1 default profile: "default"","mdc":}
{"timestamp":"2026-01-28 17:01:18,035","level":"INFO","thread":"main","logger":"o.s.d.r.c.RepositoryConfigurationDelegate","message":"Bootstrapping Spring Data JPA repositories in DEFAULT mode.","mdc":}
{"timestamp":"2026-01-28 17:01:18,292","level":"INFO","thread":"main","logger":"o.s.d.r.c.RepositoryConfigurationDelegate","message":"Finished Spring Data repository scanning in 213 ms. Found 1 JPA repository interface.","mdc":}
{"timestamp":"2026-01-28 17:01:23,850","level":"INFO","thread":"main","logger":"o.s.b.w.e.t.TomcatWebServer","message":"Tomcat initialized with port 8081 (http)","mdc":}
{"timestamp":"2026-01-28 17:01:23,871","level":"INFO","thread":"main","logger":"o.a.c.c.StandardService","message":"Starting service [Tomcat]","mdc":}
{"timestamp":"2026-01-28 17:01:23,871","level":"INFO","thread":"main","logger":"o.a.c.c.StandardEngine","message":"Starting Servlet engine: [Apache Tomcat/10.1.26]","mdc":}
{"timestamp":"2026-01-28 17:01:24,065","level":"INFO","thread":"main","logger":"o.a.c.c.C.[.[.[/]","message":"Initializing Spring embedded WebApplicationContext","mdc":}
{"timestamp":"2026-01-28 17:01:24,068","level":"INFO","thread":"main","logger":"o.s.b.w.s.c.ServletWebServerApplicationContext","message":"Root WebApplicationContext: initialization completed in 9865 ms","mdc":}
{"timestamp":"2026-01-28 17:01:25,944","level":"INFO","thread":"main","logger":"o.h.j.i.u.LogHelper","message":"HHH000204: Processing PersistenceUnitInfo [name: default]","mdc":}
{"timestamp":"2026-01-28 17:01:26,265","level":"INFO","thread":"main","logger":"o.h.Version","message":"HHH000412: Hibernate ORM core version 6.5.2.Final","mdc":}
{"timestamp":"2026-01-28 17:01:26,463","level":"INFO","thread":"main","logger":"o.h.c.i.RegionFactoryInitiator","message":"HHH000026: Second-level cache disabled","mdc":}
{"timestamp":"2026-01-28 17:01:28,113","level":"INFO","thread":"main","logger":"o.s.o.j.p.SpringPersistenceUnitInfo","message":"No LoadTimeWeaver setup: ignoring JPA class transformer","mdc":}
{"timestamp":"2026-01-28 17:01:28,291","level":"INFO","thread":"main","logger":"c.z.h.HikariDataSource","message":"HikariPool-1 - Starting...","mdc":}
{"timestamp":"2026-01-28 17:01:29,598","level":"INFO","thread":"main","logger":"c.z.h.p.HikariPool","message":"HikariPool-1 - Added connection com.mysql.cj.jdbc.ConnectionImpl@3063be68","mdc":}
{"timestamp":"2026-01-28 17:01:29,602","level":"INFO","thread":"main","logger":"c.z.h.HikariDataSource","message":"HikariPool-1 - Start completed.","mdc":}
{"timestamp":"2026-01-28 17:01:34,461","level":"INFO","thread":"main","logger":"o.h.e.t.j.p.i.JtaPlatformInitiator","message":"HHH000489: No JTA platform available (set 'hibernate.transaction.jta.platform' to enable JTA platform integration)","mdc":}
{"timestamp":"2026-01-28 17:01:34,685","level":"INFO","thread":"main","logger":"o.s.o.j.LocalContainerEntityManagerFactoryBean","message":"Initialized JPA EntityManagerFactory for persistence unit 'default'","mdc":}
{"timestamp":"2026-01-28 17:01:36,390","level":"WARN","thread":"main","logger":"o.s.b.a.o.j.JpaBaseConfiguration$JpaWebConfiguration","message":"spring.jpa.open-in-view is enabled by default. Therefore, database queries may be performed during view rendering. Explicitly configure spring.jpa.open-in-view to disable this warning","mdc":}
{"timestamp":"2026-01-28 17:01:38,474","level":"INFO","thread":"main","logger":"o.s.b.a.e.w.EndpointLinksResolver","message":"Exposing 3 endpoints beneath base path '/actuator'","mdc":}
{"timestamp":"2026-01-28 17:01:41,149","level":"INFO","thread":"main","logger":"o.s.b.w.e.t.TomcatWebServer","message":"Tomcat started on port 8081 (http) with context path '/'","mdc":}
{"timestamp":"2026-01-28 17:01:41,254","level":"INFO","thread":"main","logger":"c.e.p.a.AuthServiceApplication","message":"Started AuthServiceApplication in 29.4 seconds (process running for 30.439)","mdc":}
{"timestamp":"2026-01-28 17:01:46,862","level":"INFO","thread":"SpringApplicationShutdownHook","logger":"o.s.o.j.LocalContainerEntityManagerFactoryBean","message":"Closing JPA EntityManagerFactory for persistence unit 'default'","mdc":}
{"timestamp":"2026-01-28 17:01:46,868","level":"INFO","thread":"SpringApplicationShutdownHook","logger":"c.z.h.HikariDataSource","message":"HikariPool-1 - Shutdown initiated...","mdc":}
{"timestamp":"2026-01-28 17:01:46,890","level":"INFO","thread":"SpringApplicationShutdownHook","logger":"c.z.h.HikariDataSource","message":"HikariPool-1 - Shutdown completed.","mdc":}
