
  .   ____          _            __ _ _
 /\\ / ___'_ __ _ _(_)_ __  __ _ \ \ \ \
( ( )\___ | '_ | '_| | '_ \/ _` | \ \ \ \
 \\/  ___)| |_)| | | | | || (_| |  ) ) ) )
  '  |____| .__|_| |_|_| |_\__, | / / / /
 =========|_|==============|___/=/_/_/_/

 :: Spring Boot ::                (v3.3.2)

{"timestamp":"2026-01-28 17:01:18,303","level":"INFO","thread":"main","logger":"c.e.p.d.DashboardApiApplication","message":"Starting DashboardApiApplication using Java 17.0.17 with PID 6602 (/Users/Aditya/Desktop/PROCTORING/backend/dashboard-api/target/dashboard-api-1.0.0.jar started by Aditya in /Users/Aditya/Desktop/PROCTORING/backend)","mdc":}
{"timestamp":"2026-01-28 17:01:18,307","level":"INFO","thread":"main","logger":"c.e.p.d.DashboardApiApplication","message":"No active profile set, falling back to 1 default profile: "default"","mdc":}
{"timestamp":"2026-01-28 17:01:21,917","level":"INFO","thread":"main","logger":"o.s.d.r.c.RepositoryConfigurationDelegate","message":"Bootstrapping Spring Data JPA repositories in DEFAULT mode.","mdc":}
{"timestamp":"2026-01-28 17:01:22,152","level":"INFO","thread":"main","logger":"o.s.d.r.c.RepositoryConfigurationDelegate","message":"Finished Spring Data repository scanning in 212 ms. Found 4 JPA repository interfaces.","mdc":}
{"timestamp":"2026-01-28 17:01:27,429","level":"INFO","thread":"main","logger":"o.s.b.w.e.t.TomcatWebServer","message":"Tomcat initialized with port 8084 (http)","mdc":}
{"timestamp":"2026-01-28 17:01:27,449","level":"INFO","thread":"main","logger":"o.a.c.c.StandardService","message":"Starting service [Tomcat]","mdc":}
{"timestamp":"2026-01-28 17:01:27,503","level":"INFO","thread":"main","logger":"o.a.c.c.StandardEngine","message":"Starting Servlet engine: [Apache Tomcat/10.1.26]","mdc":}
{"timestamp":"2026-01-28 17:01:27,664","level":"INFO","thread":"main","logger":"o.a.c.c.C.[.[.[/]","message":"Initializing Spring embedded WebApplicationContext","mdc":}
{"timestamp":"2026-01-28 17:01:27,667","level":"INFO","thread":"main","logger":"o.s.b.w.s.c.ServletWebServerApplicationContext","message":"Root WebApplicationContext: initialization completed in 9210 ms","mdc":}
{"timestamp":"2026-01-28 17:01:29,178","level":"INFO","thread":"main","logger":"o.h.j.i.u.LogHelper","message":"HHH000204: Processing PersistenceUnitInfo [name: default]","mdc":}
{"timestamp":"2026-01-28 17:01:29,463","level":"INFO","thread":"main","logger":"o.h.Version","message":"HHH000412: Hibernate ORM core version 6.5.2.Final","mdc":}
{"timestamp":"2026-01-28 17:01:29,594","level":"INFO","thread":"main","logger":"o.h.c.i.RegionFactoryInitiator","message":"HHH000026: Second-level cache disabled","mdc":}
{"timestamp":"2026-01-28 17:01:31,118","level":"INFO","thread":"main","logger":"o.s.o.j.p.SpringPersistenceUnitInfo","message":"No LoadTimeWeaver setup: ignoring JPA class transformer","mdc":}
{"timestamp":"2026-01-28 17:01:31,241","level":"INFO","thread":"main","logger":"c.z.h.HikariDataSource","message":"HikariPool-1 - Starting...","mdc":}
{"timestamp":"2026-01-28 17:01:32,628","level":"INFO","thread":"main","logger":"c.z.h.p.HikariPool","message":"HikariPool-1 - Added connection com.mysql.cj.jdbc.ConnectionImpl@764db16c","mdc":}
{"timestamp":"2026-01-28 17:01:32,632","level":"INFO","thread":"main","logger":"c.z.h.HikariDataSource","message":"HikariPool-1 - Start completed.","mdc":}
{"timestamp":"2026-01-28 17:01:37,100","level":"INFO","thread":"main","logger":"o.h.e.t.j.p.i.JtaPlatformInitiator","message":"HHH000489: No JTA platform available (set 'hibernate.transaction.jta.platform' to enable JTA platform integration)","mdc":}
{"timestamp":"2026-01-28 17:01:37,310","level":"INFO","thread":"main","logger":"o.s.o.j.LocalContainerEntityManagerFactoryBean","message":"Initialized JPA EntityManagerFactory for persistence unit 'default'","mdc":}
{"timestamp":"2026-01-28 17:01:39,568","level":"WARN","thread":"main","logger":"o.s.b.a.o.j.JpaBaseConfiguration$JpaWebConfiguration","message":"spring.jpa.open-in-view is enabled by default. Therefore, database queries may be performed during view rendering. Explicitly configure spring.jpa.open-in-view to disable this warning","mdc":}
{"timestamp":"2026-01-28 17:01:41,873","level":"INFO","thread":"main","logger":"o.s.b.a.e.w.EndpointLinksResolver","message":"Exposing 3 endpoints beneath base path '/actuator'","mdc":}
{"timestamp":"2026-01-28 17:01:43,929","level":"INFO","thread":"main","logger":"o.s.b.w.e.t.TomcatWebServer","message":"Tomcat started on port 8084 (http) with context path '/'","mdc":}
{"timestamp":"2026-01-28 17:01:44,007","level":"INFO","thread":"main","logger":"c.e.p.d.DashboardApiApplication","message":"Started DashboardApiApplication in 28.543 seconds (process running for 31.233)","mdc":}
{"timestamp":"2026-01-28 17:01:46,859","level":"INFO","thread":"SpringApplicationShutdownHook","logger":"o.s.o.j.LocalContainerEntityManagerFactoryBean","message":"Closing JPA EntityManagerFactory for persistence unit 'default'","mdc":}
{"timestamp":"2026-01-28 17:01:46,863","level":"INFO","thread":"SpringApplicationShutdownHook","logger":"c.z.h.HikariDataSource","message":"HikariPool-1 - Shutdown initiated...","mdc":}
{"timestamp":"2026-01-28 17:01:46,888","level":"INFO","thread":"SpringApplicationShutdownHook","logger":"c.z.h.HikariDataSource","message":"HikariPool-1 - Shutdown completed.","mdc":}
