
  .   ____          _            __ _ _
 /\\ / ___'_ __ _ _(_)_ __  __ _ \ \ \ \
( ( )\___ | '_ | '_| | '_ \/ _` | \ \ \ \
 \\/  ___)| |_)| | | | | || (_| |  ) ) ) )
  '  |____| .__|_| |_|_| |_\__, | / / / /
 =========|_|==============|___/=/_/_/_/

 :: Spring Boot ::                (v3.3.2)

{"timestamp":"2026-01-28 17:01:17,301","level":"INFO","thread":"main","logger":"c.e.p.r.RulesEngineApplication","message":"Starting RulesEngineApplication using Java 17.0.17 with PID 6338 (/Users/Aditya/Desktop/PROCTORING/backend/rules-engine/target/rules-engine-1.0.0.jar started by Aditya in /Users/Aditya/Desktop/PROCTORING/backend)","mdc":}
{"timestamp":"2026-01-28 17:01:17,310","level":"INFO","thread":"main","logger":"c.e.p.r.RulesEngineApplication","message":"No active profile set, falling back to 1 default profile: "default"","mdc":}
{"timestamp":"2026-01-28 17:01:21,322","level":"INFO","thread":"main","logger":"o.s.d.r.c.RepositoryConfigurationDelegate","message":"Multiple Spring Data modules found, entering strict repository configuration mode","mdc":}
{"timestamp":"2026-01-28 17:01:21,322","level":"INFO","thread":"main","logger":"o.s.d.r.c.RepositoryConfigurationDelegate","message":"Bootstrapping Spring Data JPA repositories in DEFAULT mode.","mdc":}
{"timestamp":"2026-01-28 17:01:22,092","level":"INFO","thread":"main","logger":"o.s.d.r.c.RepositoryConfigurationDelegate","message":"Finished Spring Data repository scanning in 750 ms. Found 4 JPA repository interfaces.","mdc":}
{"timestamp":"2026-01-28 17:01:23,452","level":"INFO","thread":"main","logger":"o.s.d.r.c.RepositoryConfigurationDelegate","message":"Multiple Spring Data modules found, entering strict repository configuration mode","mdc":}
{"timestamp":"2026-01-28 17:01:23,454","level":"INFO","thread":"main","logger":"o.s.d.r.c.RepositoryConfigurationDelegate","message":"Bootstrapping Spring Data Redis repositories in DEFAULT mode.","mdc":}
{"timestamp":"2026-01-28 17:01:23,587","level":"INFO","thread":"main","logger":"o.s.d.r.c.RepositoryConfigurationExtensionSupport","message":"Spring Data Redis - Could not safely identify store assignment for repository candidate interface com.example.proctoring.rules.repository.RiskScoreSnapshotRepository; If you want this repository to be a Redis repository, consider annotating your entities with one of these annotations: org.springframework.data.redis.core.RedisHash (preferred), or consider extending one of the following types with your repository: org.springframework.data.keyvalue.repository.KeyValueRepository","mdc":}
{"timestamp":"2026-01-28 17:01:23,588","level":"INFO","thread":"main","logger":"o.s.d.r.c.RepositoryConfigurationExtensionSupport","message":"Spring Data Redis - Could not safely identify store assignment for repository candidate interface com.example.proctoring.rules.repository.AlertRepository; If you want this repository to be a Redis repository, consider annotating your entities with one of these annotations: org.springframework.data.redis.core.RedisHash (preferred), or consider extending one of the following types with your repository: org.springframework.data.keyvalue.repository.KeyValueRepository","mdc":}
{"timestamp":"2026-01-28 17:01:23,588","level":"INFO","thread":"main","logger":"o.s.d.r.c.RepositoryConfigurationExtensionSupport","message":"Spring Data Redis - Could not safely identify store assignment for repository candidate interface com.example.proctoring.rules.repository.AnomalyEventRepository; If you want this repository to be a Redis repository, consider annotating your entities with one of these annotations: org.springframework.data.redis.core.RedisHash (preferred), or consider extending one of the following types with your repository: org.springframework.data.keyvalue.repository.KeyValueRepository","mdc":}
{"timestamp":"2026-01-28 17:01:23,589","level":"INFO","thread":"main","logger":"o.s.d.r.c.RepositoryConfigurationExtensionSupport","message":"Spring Data Redis - Could not safely identify store assignment for repository candidate interface com.example.proctoring.rules.repository.ProctoringSessionRepository; If you want this repository to be a Redis repository, consider annotating your entities with one of these annotations: org.springframework.data.redis.core.RedisHash (preferred), or consider extending one of the following types with your repository: org.springframework.data.keyvalue.repository.KeyValueRepository","mdc":}
{"timestamp":"2026-01-28 17:01:23,589","level":"INFO","thread":"main","logger":"o.s.d.r.c.RepositoryConfigurationDelegate","message":"Finished Spring Data repository scanning in 62 ms. Found 0 Redis repository interfaces.","mdc":}
{"timestamp":"2026-01-28 17:01:26,865","level":"INFO","thread":"main","logger":"o.h.j.i.u.LogHelper","message":"HHH000204: Processing PersistenceUnitInfo [name: default]","mdc":}
{"timestamp":"2026-01-28 17:01:27,288","level":"INFO","thread":"main","logger":"o.h.Version","message":"HHH000412: Hibernate ORM core version 6.5.2.Final","mdc":}
{"timestamp":"2026-01-28 17:01:27,429","level":"INFO","thread":"main","logger":"o.h.c.i.RegionFactoryInitiator","message":"HHH000026: Second-level cache disabled","mdc":}
{"timestamp":"2026-01-28 17:01:29,431","level":"INFO","thread":"main","logger":"o.s.o.j.p.SpringPersistenceUnitInfo","message":"No LoadTimeWeaver setup: ignoring JPA class transformer","mdc":}
{"timestamp":"2026-01-28 17:01:29,535","level":"INFO","thread":"main","logger":"c.z.h.HikariDataSource","message":"HikariPool-1 - Starting...","mdc":}
{"timestamp":"2026-01-28 17:01:31,086","level":"INFO","thread":"main","logger":"c.z.h.p.HikariPool","message":"HikariPool-1 - Added connection com.mysql.cj.jdbc.ConnectionImpl@e7b0bec","mdc":}
{"timestamp":"2026-01-28 17:01:31,091","level":"INFO","thread":"main","logger":"c.z.h.HikariDataSource","message":"HikariPool-1 - Start completed.","mdc":}
{"timestamp":"2026-01-28 17:01:36,218","level":"INFO","thread":"main","logger":"o.h.e.t.j.p.i.JtaPlatformInitiator","message":"HHH000489: No JTA platform available (set 'hibernate.transaction.jta.platform' to enable JTA platform integration)","mdc":}
{"timestamp":"2026-01-28 17:01:36,444","level":"INFO","thread":"main","logger":"o.s.o.j.LocalContainerEntityManagerFactoryBean","message":"Initialized JPA EntityManagerFactory for persistence unit 'default'","mdc":}
{"timestamp":"2026-01-28 17:01:43,844","level":"INFO","thread":"main","logger":"o.a.k.c.c.ConsumerConfig","message":"ConsumerConfig values: 
	allow.auto.create.topics = true
	auto.commit.interval.ms = 5000
	auto.include.jmx.reporter = true
	auto.offset.reset = earliest
	bootstrap.servers = [localhost:9093]
	check.crcs = true
	client.dns.lookup = use_all_dns_ips
	client.id = consumer-rules-engine-1
	client.rack = 
	connections.max.idle.ms = 540000
	default.api.timeout.ms = 60000
	enable.auto.commit = true
	enable.metrics.push = true
	exclude.internal.topics = true
	fetch.max.bytes = 52428800
	fetch.max.wait.ms = 500
	fetch.min.bytes = 1
	group.id = rules-engine
	group.instance.id = null
	group.protocol = classic
	group.remote.assignor = null
	heartbeat.interval.ms = 3000
	interceptor.classes = []
	internal.leave.group.on.close = true
	internal.throw.on.fetch.stable.offset.unsupported = false
	isolation.level = read_uncommitted
	key.deserializer = class org.apache.kafka.common.serialization.StringDeserializer
	max.partition.fetch.bytes = 1048576
	max.poll.interval.ms = 300000
	max.poll.records = 500
	metadata.max.age.ms = 300000
	metric.reporters = []
	metrics.num.samples = 2
	metrics.recording.level = INFO
	metrics.sample.window.ms = 30000
	partition.assignment.strategy = [class org.apache.kafka.clients.consumer.RangeAssignor, class org.apache.kafka.clients.consumer.CooperativeStickyAssignor]
	receive.buffer.bytes = 65536
	reconnect.backoff.max.ms = 1000
	reconnect.backoff.ms = 50
	request.timeout.ms = 30000
	retry.backoff.max.ms = 1000
	retry.backoff.ms = 100
	sasl.client.callback.handler.class = null
	sasl.jaas.config = null
	sasl.kerberos.kinit.cmd = /usr/bin/kinit
	sasl.kerberos.min.time.before.relogin = 60000
	sasl.kerberos.service.name = null
	sasl.kerberos.ticket.renew.jitter = 0.05
	sasl.kerberos.ticket.renew.window.factor = 0.8
	sasl.login.callback.handler.class = null
	sasl.login.class = null
	sasl.login.connect.timeout.ms = null
	sasl.login.read.timeout.ms = null
	sasl.login.refresh.buffer.seconds = 300
	sasl.login.refresh.min.period.seconds = 60
	sasl.login.refresh.window.factor = 0.8
	sasl.login.refresh.window.jitter = 0.05
	sasl.login.retry.backoff.max.ms = 10000
	sasl.login.retry.backoff.ms = 100
	sasl.mechanism = GSSAPI
	sasl.oauthbearer.clock.skew.seconds = 30
	sasl.oauthbearer.expected.audience = null
	sasl.oauthbearer.expected.issuer = null
	sasl.oauthbearer.jwks.endpoint.refresh.ms = 3600000
	sasl.oauthbearer.jwks.endpoint.retry.backoff.max.ms = 10000
	sasl.oauthbearer.jwks.endpoint.retry.backoff.ms = 100
	sasl.oauthbearer.jwks.endpoint.url = null
	sasl.oauthbearer.scope.claim.name = scope
	sasl.oauthbearer.sub.claim.name = sub
	sasl.oauthbearer.token.endpoint.url = null
	security.protocol = PLAINTEXT
	security.providers = null
	send.buffer.bytes = 131072
	session.timeout.ms = 45000
	socket.connection.setup.timeout.max.ms = 30000
	socket.connection.setup.timeout.ms = 10000
	ssl.cipher.suites = null
	ssl.enabled.protocols = [TLSv1.2, TLSv1.3]
	ssl.endpoint.identification.algorithm = https
	ssl.engine.factory.class = null
	ssl.key.password = null
	ssl.keymanager.algorithm = SunX509
	ssl.keystore.certificate.chain = null
	ssl.keystore.key = null
	ssl.keystore.location = null
	ssl.keystore.password = null
	ssl.keystore.type = JKS
	ssl.protocol = TLSv1.3
	ssl.provider = null
	ssl.secure.random.implementation = null
	ssl.trustmanager.algorithm = PKIX
	ssl.truststore.certificates = null
	ssl.truststore.location = null
	ssl.truststore.password = null
	ssl.truststore.type = JKS
	value.deserializer = class org.springframework.kafka.support.serializer.JsonDeserializer
","mdc":}
{"timestamp":"2026-01-28 17:01:43,973","level":"INFO","thread":"main","logger":"o.a.k.c.t.i.KafkaMetricsCollector","message":"initializing Kafka metrics collector","mdc":}
{"timestamp":"2026-01-28 17:01:44,565","level":"INFO","thread":"main","logger":"o.a.k.c.u.AppInfoParser","message":"Kafka version: 3.7.1","mdc":}
{"timestamp":"2026-01-28 17:01:44,565","level":"INFO","thread":"main","logger":"o.a.k.c.u.AppInfoParser","message":"Kafka commitId: e2494e6ffb89f828","mdc":}
{"timestamp":"2026-01-28 17:01:44,566","level":"INFO","thread":"main","logger":"o.a.k.c.u.AppInfoParser","message":"Kafka startTimeMs: 1769599904561","mdc":}
{"timestamp":"2026-01-28 17:01:44,575","level":"INFO","thread":"main","logger":"o.a.k.c.c.i.LegacyKafkaConsumer","message":"[Consumer clientId=consumer-rules-engine-1, groupId=rules-engine] Subscribed to topic(s): proctoring.anomaly.events","mdc":}
{"timestamp":"2026-01-28 17:01:44,596","level":"INFO","thread":"main","logger":"o.a.k.c.c.ConsumerConfig","message":"ConsumerConfig values: 
	allow.auto.create.topics = true
	auto.commit.interval.ms = 5000
	auto.include.jmx.reporter = true
	auto.offset.reset = earliest
	bootstrap.servers = [localhost:9093]
	check.crcs = true
	client.dns.lookup = use_all_dns_ips
	client.id = consumer-rules-engine-2
	client.rack = 
	connections.max.idle.ms = 540000
	default.api.timeout.ms = 60000
	enable.auto.commit = true
	enable.metrics.push = true
	exclude.internal.topics = true
	fetch.max.bytes = 52428800
	fetch.max.wait.ms = 500
	fetch.min.bytes = 1
	group.id = rules-engine
	group.instance.id = null
	group.protocol = classic
	group.remote.assignor = null
	heartbeat.interval.ms = 3000
	interceptor.classes = []
	internal.leave.group.on.close = true
	internal.throw.on.fetch.stable.offset.unsupported = false
	isolation.level = read_uncommitted
	key.deserializer = class org.apache.kafka.common.serialization.StringDeserializer
	max.partition.fetch.bytes = 1048576
	max.poll.interval.ms = 300000
	max.poll.records = 500
	metadata.max.age.ms = 300000
	metric.reporters = []
	metrics.num.samples = 2
	metrics.recording.level = INFO
	metrics.sample.window.ms = 30000
	partition.assignment.strategy = [class org.apache.kafka.clients.consumer.RangeAssignor, class org.apache.kafka.clients.consumer.CooperativeStickyAssignor]
	receive.buffer.bytes = 65536
	reconnect.backoff.max.ms = 1000
	reconnect.backoff.ms = 50
	request.timeout.ms = 30000
	retry.backoff.max.ms = 1000
	retry.backoff.ms = 100
	sasl.client.callback.handler.class = null
	sasl.jaas.config = null
	sasl.kerberos.kinit.cmd = /usr/bin/kinit
	sasl.kerberos.min.time.before.relogin = 60000
	sasl.kerberos.service.name = null
	sasl.kerberos.ticket.renew.jitter = 0.05
	sasl.kerberos.ticket.renew.window.factor = 0.8
	sasl.login.callback.handler.class = null
	sasl.login.class = null
	sasl.login.connect.timeout.ms = null
	sasl.login.read.timeout.ms = null
	sasl.login.refresh.buffer.seconds = 300
	sasl.login.refresh.min.period.seconds = 60
	sasl.login.refresh.window.factor = 0.8
	sasl.login.refresh.window.jitter = 0.05
	sasl.login.retry.backoff.max.ms = 10000
	sasl.login.retry.backoff.ms = 100
	sasl.mechanism = GSSAPI
	sasl.oauthbearer.clock.skew.seconds = 30
	sasl.oauthbearer.expected.audience = null
	sasl.oauthbearer.expected.issuer = null
	sasl.oauthbearer.jwks.endpoint.refresh.ms = 3600000
	sasl.oauthbearer.jwks.endpoint.retry.backoff.max.ms = 10000
	sasl.oauthbearer.jwks.endpoint.retry.backoff.ms = 100
	sasl.oauthbearer.jwks.endpoint.url = null
	sasl.oauthbearer.scope.claim.name = scope
	sasl.oauthbearer.sub.claim.name = sub
	sasl.oauthbearer.token.endpoint.url = null
	security.protocol = PLAINTEXT
	security.providers = null
	send.buffer.bytes = 131072
	session.timeout.ms = 45000
	socket.connection.setup.timeout.max.ms = 30000
	socket.connection.setup.timeout.ms = 10000
	ssl.cipher.suites = null
	ssl.enabled.protocols = [TLSv1.2, TLSv1.3]
	ssl.endpoint.identification.algorithm = https
	ssl.engine.factory.class = null
	ssl.key.password = null
	ssl.keymanager.algorithm = SunX509
	ssl.keystore.certificate.chain = null
	ssl.keystore.key = null
	ssl.keystore.location = null
	ssl.keystore.password = null
	ssl.keystore.type = JKS
	ssl.protocol = TLSv1.3
	ssl.provider = null
	ssl.secure.random.implementation = null
	ssl.trustmanager.algorithm = PKIX
	ssl.truststore.certificates = null
	ssl.truststore.location = null
	ssl.truststore.password = null
	ssl.truststore.type = JKS
	value.deserializer = class org.springframework.kafka.support.serializer.JsonDeserializer
","mdc":}
{"timestamp":"2026-01-28 17:01:44,597","level":"INFO","thread":"main","logger":"o.a.k.c.t.i.KafkaMetricsCollector","message":"initializing Kafka metrics collector","mdc":}
{"timestamp":"2026-01-28 17:01:44,669","level":"INFO","thread":"main","logger":"o.a.k.c.u.AppInfoParser","message":"Kafka version: 3.7.1","mdc":}
{"timestamp":"2026-01-28 17:01:44,669","level":"INFO","thread":"main","logger":"o.a.k.c.u.AppInfoParser","message":"Kafka commitId: e2494e6ffb89f828","mdc":}
{"timestamp":"2026-01-28 17:01:44,669","level":"INFO","thread":"main","logger":"o.a.k.c.u.AppInfoParser","message":"Kafka startTimeMs: 1769599904669","mdc":}
{"timestamp":"2026-01-28 17:01:44,670","level":"INFO","thread":"main","logger":"o.a.k.c.c.i.LegacyKafkaConsumer","message":"[Consumer clientId=consumer-rules-engine-2, groupId=rules-engine] Subscribed to topic(s): proctoring.anomaly.events","mdc":}
{"timestamp":"2026-01-28 17:01:44,676","level":"INFO","thread":"main","logger":"o.a.k.c.c.ConsumerConfig","message":"ConsumerConfig values: 
	allow.auto.create.topics = true
	auto.commit.interval.ms = 5000
	auto.include.jmx.reporter = true
	auto.offset.reset = earliest
	bootstrap.servers = [localhost:9093]
	check.crcs = true
	client.dns.lookup = use_all_dns_ips
	client.id = consumer-rules-engine-3
	client.rack = 
	connections.max.idle.ms = 540000
	default.api.timeout.ms = 60000
	enable.auto.commit = true
	enable.metrics.push = true
	exclude.internal.topics = true
	fetch.max.bytes = 52428800
	fetch.max.wait.ms = 500
	fetch.min.bytes = 1
	group.id = rules-engine
	group.instance.id = null
	group.protocol = classic
	group.remote.assignor = null
	heartbeat.interval.ms = 3000
	interceptor.classes = []
	internal.leave.group.on.close = true
	internal.throw.on.fetch.stable.offset.unsupported = false
	isolation.level = read_uncommitted
	key.deserializer = class org.apache.kafka.common.serialization.StringDeserializer
	max.partition.fetch.bytes = 1048576
	max.poll.interval.ms = 300000
	max.poll.records = 500
	metadata.max.age.ms = 300000
	metric.reporters = []
	metrics.num.samples = 2
	metrics.recording.level = INFO
	metrics.sample.window.ms = 30000
	partition.assignment.strategy = [class org.apache.kafka.clients.consumer.RangeAssignor, class org.apache.kafka.clients.consumer.CooperativeStickyAssignor]
	receive.buffer.bytes = 65536
	reconnect.backoff.max.ms = 1000
	reconnect.backoff.ms = 50
	request.timeout.ms = 30000
	retry.backoff.max.ms = 1000
	retry.backoff.ms = 100
	sasl.client.callback.handler.class = null
	sasl.jaas.config = null
	sasl.kerberos.kinit.cmd = /usr/bin/kinit
	sasl.kerberos.min.time.before.relogin = 60000
	sasl.kerberos.service.name = null
	sasl.kerberos.ticket.renew.jitter = 0.05
	sasl.kerberos.ticket.renew.window.factor = 0.8
	sasl.login.callback.handler.class = null
	sasl.login.class = null
	sasl.login.connect.timeout.ms = null
	sasl.login.read.timeout.ms = null
	sasl.login.refresh.buffer.seconds = 300
	sasl.login.refresh.min.period.seconds = 60
	sasl.login.refresh.window.factor = 0.8
	sasl.login.refresh.window.jitter = 0.05
	sasl.login.retry.backoff.max.ms = 10000
	sasl.login.retry.backoff.ms = 100
	sasl.mechanism = GSSAPI
	sasl.oauthbearer.clock.skew.seconds = 30
	sasl.oauthbearer.expected.audience = null
	sasl.oauthbearer.expected.issuer = null
	sasl.oauthbearer.jwks.endpoint.refresh.ms = 3600000
	sasl.oauthbearer.jwks.endpoint.retry.backoff.max.ms = 10000
	sasl.oauthbearer.jwks.endpoint.retry.backoff.ms = 100
	sasl.oauthbearer.jwks.endpoint.url = null
	sasl.oauthbearer.scope.claim.name = scope
	sasl.oauthbearer.sub.claim.name = sub
	sasl.oauthbearer.token.endpoint.url = null
	security.protocol = PLAINTEXT
	security.providers = null
	send.buffer.bytes = 131072
	session.timeout.ms = 45000
	socket.connection.setup.timeout.max.ms = 30000
	socket.connection.setup.timeout.ms = 10000
	ssl.cipher.suites = null
	ssl.enabled.protocols = [TLSv1.2, TLSv1.3]
	ssl.endpoint.identification.algorithm = https
	ssl.engine.factory.class = null
	ssl.key.password = null
	ssl.keymanager.algorithm = SunX509
	ssl.keystore.certificate.chain = null
	ssl.keystore.key = null
	ssl.keystore.location = null
	ssl.keystore.password = null
	ssl.keystore.type = JKS
	ssl.protocol = TLSv1.3
	ssl.provider = null
	ssl.secure.random.implementation = null
	ssl.trustmanager.algorithm = PKIX
	ssl.truststore.certificates = null
	ssl.truststore.location = null
	ssl.truststore.password = null
	ssl.truststore.type = JKS
	value.deserializer = class org.springframework.kafka.support.serializer.JsonDeserializer
","mdc":}
{"timestamp":"2026-01-28 17:01:44,677","level":"INFO","thread":"main","logger":"o.a.k.c.t.i.KafkaMetricsCollector","message":"initializing Kafka metrics collector","mdc":}
{"timestamp":"2026-01-28 17:01:44,724","level":"INFO","thread":"main","logger":"o.a.k.c.u.AppInfoParser","message":"Kafka version: 3.7.1","mdc":}
{"timestamp":"2026-01-28 17:01:44,725","level":"INFO","thread":"main","logger":"o.a.k.c.u.AppInfoParser","message":"Kafka commitId: e2494e6ffb89f828","mdc":}
{"timestamp":"2026-01-28 17:01:44,726","level":"INFO","thread":"main","logger":"o.a.k.c.u.AppInfoParser","message":"Kafka startTimeMs: 1769599904724","mdc":}
{"timestamp":"2026-01-28 17:01:44,726","level":"INFO","thread":"main","logger":"o.a.k.c.c.i.LegacyKafkaConsumer","message":"[Consumer clientId=consumer-rules-engine-3, groupId=rules-engine] Subscribed to topic(s): proctoring.anomaly.events","mdc":}
{"timestamp":"2026-01-28 17:01:44,732","level":"INFO","thread":"main","logger":"o.a.k.c.c.ConsumerConfig","message":"ConsumerConfig values: 
	allow.auto.create.topics = true
	auto.commit.interval.ms = 5000
	auto.include.jmx.reporter = true
	auto.offset.reset = earliest
	bootstrap.servers = [localhost:9093]
	check.crcs = true
	client.dns.lookup = use_all_dns_ips
	client.id = consumer-rules-engine-4
	client.rack = 
	connections.max.idle.ms = 540000
	default.api.timeout.ms = 60000
	enable.auto.commit = true
	enable.metrics.push = true
	exclude.internal.topics = true
	fetch.max.bytes = 52428800
	fetch.max.wait.ms = 500
	fetch.min.bytes = 1
	group.id = rules-engine
	group.instance.id = null
	group.protocol = classic
	group.remote.assignor = null
	heartbeat.interval.ms = 3000
	interceptor.classes = []
	internal.leave.group.on.close = true
	internal.throw.on.fetch.stable.offset.unsupported = false
	isolation.level = read_uncommitted
	key.deserializer = class org.apache.kafka.common.serialization.StringDeserializer
	max.partition.fetch.bytes = 1048576
	max.poll.interval.ms = 300000
	max.poll.records = 500
	metadata.max.age.ms = 300000
	metric.reporters = []
	metrics.num.samples = 2
	metrics.recording.level = INFO
	metrics.sample.window.ms = 30000
	partition.assignment.strategy = [class org.apache.kafka.clients.consumer.RangeAssignor, class org.apache.kafka.clients.consumer.CooperativeStickyAssignor]
	receive.buffer.bytes = 65536
	reconnect.backoff.max.ms = 1000
	reconnect.backoff.ms = 50
	request.timeout.ms = 30000
	retry.backoff.max.ms = 1000
	retry.backoff.ms = 100
	sasl.client.callback.handler.class = null
	sasl.jaas.config = null
	sasl.kerberos.kinit.cmd = /usr/bin/kinit
	sasl.kerberos.min.time.before.relogin = 60000
	sasl.kerberos.service.name = null
	sasl.kerberos.ticket.renew.jitter = 0.05
	sasl.kerberos.ticket.renew.window.factor = 0.8
	sasl.login.callback.handler.class = null
	sasl.login.class = null
	sasl.login.connect.timeout.ms = null
	sasl.login.read.timeout.ms = null
	sasl.login.refresh.buffer.seconds = 300
	sasl.login.refresh.min.period.seconds = 60
	sasl.login.refresh.window.factor = 0.8
	sasl.login.refresh.window.jitter = 0.05
	sasl.login.retry.backoff.max.ms = 10000
	sasl.login.retry.backoff.ms = 100
	sasl.mechanism = GSSAPI
	sasl.oauthbearer.clock.skew.seconds = 30
	sasl.oauthbearer.expected.audience = null
	sasl.oauthbearer.expected.issuer = null
	sasl.oauthbearer.jwks.endpoint.refresh.ms = 3600000
	sasl.oauthbearer.jwks.endpoint.retry.backoff.max.ms = 10000
	sasl.oauthbearer.jwks.endpoint.retry.backoff.ms = 100
	sasl.oauthbearer.jwks.endpoint.url = null
	sasl.oauthbearer.scope.claim.name = scope
	sasl.oauthbearer.sub.claim.name = sub
	sasl.oauthbearer.token.endpoint.url = null
	security.protocol = PLAINTEXT
	security.providers = null
	send.buffer.bytes = 131072
	session.timeout.ms = 45000
	socket.connection.setup.timeout.max.ms = 30000
	socket.connection.setup.timeout.ms = 10000
	ssl.cipher.suites = null
	ssl.enabled.protocols = [TLSv1.2, TLSv1.3]
	ssl.endpoint.identification.algorithm = https
	ssl.engine.factory.class = null
	ssl.key.password = null
	ssl.keymanager.algorithm = SunX509
	ssl.keystore.certificate.chain = null
	ssl.keystore.key = null
	ssl.keystore.location = null
	ssl.keystore.password = null
	ssl.keystore.type = JKS
	ssl.protocol = TLSv1.3
	ssl.provider = null
	ssl.secure.random.implementation = null
	ssl.trustmanager.algorithm = PKIX
	ssl.truststore.certificates = null
	ssl.truststore.location = null
	ssl.truststore.password = null
	ssl.truststore.type = JKS
	value.deserializer = class org.springframework.kafka.support.serializer.JsonDeserializer
","mdc":}
{"timestamp":"2026-01-28 17:01:44,733","level":"INFO","thread":"main","logger":"o.a.k.c.t.i.KafkaMetricsCollector","message":"initializing Kafka metrics collector","mdc":}
{"timestamp":"2026-01-28 17:01:44,767","level":"INFO","thread":"main","logger":"o.a.k.c.u.AppInfoParser","message":"Kafka version: 3.7.1","mdc":}
{"timestamp":"2026-01-28 17:01:44,768","level":"INFO","thread":"main","logger":"o.a.k.c.u.AppInfoParser","message":"Kafka commitId: e2494e6ffb89f828","mdc":}
{"timestamp":"2026-01-28 17:01:44,768","level":"INFO","thread":"main","logger":"o.a.k.c.u.AppInfoParser","message":"Kafka startTimeMs: 1769599904766","mdc":}
{"timestamp":"2026-01-28 17:01:44,769","level":"INFO","thread":"main","logger":"o.a.k.c.c.i.LegacyKafkaConsumer","message":"[Consumer clientId=consumer-rules-engine-4, groupId=rules-engine] Subscribed to topic(s): proctoring.anomaly.events","mdc":}
{"timestamp":"2026-01-28 17:01:44,823","level":"INFO","thread":"main","logger":"c.e.p.r.RulesEngineApplication","message":"Started RulesEngineApplication in 30.636 seconds (process running for 32.772)","mdc":}
{"timestamp":"2026-01-28 17:01:45,623","level":"INFO","thread":"org.springframework.kafka.KafkaListenerEndpointContainer#0-1-C-1","logger":"o.a.k.c.Metadata","message":"[Consumer clientId=consumer-rules-engine-2, groupId=rules-engine] Cluster ID: x58ZmzxBTMWqx5mGFVf5fw","mdc":}
{"timestamp":"2026-01-28 17:01:45,623","level":"INFO","thread":"org.springframework.kafka.KafkaListenerEndpointContainer#0-0-C-1","logger":"o.a.k.c.Metadata","message":"[Consumer clientId=consumer-rules-engine-1, groupId=rules-engine] Cluster ID: x58ZmzxBTMWqx5mGFVf5fw","mdc":}
{"timestamp":"2026-01-28 17:01:45,623","level":"INFO","thread":"org.springframework.kafka.KafkaListenerEndpointContainer#0-2-C-1","logger":"o.a.k.c.Metadata","message":"[Consumer clientId=consumer-rules-engine-3, groupId=rules-engine] Cluster ID: x58ZmzxBTMWqx5mGFVf5fw","mdc":}
{"timestamp":"2026-01-28 17:01:45,625","level":"INFO","thread":"org.springframework.kafka.KafkaListenerEndpointContainer#0-3-C-1","logger":"o.a.k.c.Metadata","message":"[Consumer clientId=consumer-rules-engine-4, groupId=rules-engine] Cluster ID: x58ZmzxBTMWqx5mGFVf5fw","mdc":}
{"timestamp":"2026-01-28 17:01:46,997","level":"INFO","thread":"org.springframework.kafka.KafkaListenerEndpointContainer#0-0-C-1","logger":"o.a.k.c.c.i.ConsumerCoordinator","message":"[Consumer clientId=consumer-rules-engine-1, groupId=rules-engine] Resetting generation and member id due to: consumer pro-actively leaving the group","mdc":}
{"timestamp":"2026-01-28 17:01:46,998","level":"INFO","thread":"org.springframework.kafka.KafkaListenerEndpointContainer#0-0-C-1","logger":"o.a.k.c.c.i.ConsumerCoordinator","message":"[Consumer clientId=consumer-rules-engine-1, groupId=rules-engine] Request joining group due to: consumer pro-actively leaving the group","mdc":}
{"timestamp":"2026-01-28 17:01:46,998","level":"INFO","thread":"org.springframework.kafka.KafkaListenerEndpointContainer#0-0-C-1","logger":"o.a.k.c.c.i.LegacyKafkaConsumer","message":"[Consumer clientId=consumer-rules-engine-1, groupId=rules-engine] Unsubscribed all topics or patterns and assigned partitions","mdc":}
{"timestamp":"2026-01-28 17:01:47,001","level":"INFO","thread":"org.springframework.kafka.KafkaListenerEndpointContainer#0-0-C-1","logger":"o.a.k.c.c.i.ConsumerCoordinator","message":"[Consumer clientId=consumer-rules-engine-1, groupId=rules-engine] Resetting generation and member id due to: consumer pro-actively leaving the group","mdc":}
{"timestamp":"2026-01-28 17:01:47,001","level":"INFO","thread":"org.springframework.kafka.KafkaListenerEndpointContainer#0-0-C-1","logger":"o.a.k.c.c.i.ConsumerCoordinator","message":"[Consumer clientId=consumer-rules-engine-1, groupId=rules-engine] Request joining group due to: consumer pro-actively leaving the group","mdc":}
{"timestamp":"2026-01-28 17:01:47,008","level":"INFO","thread":"org.springframework.kafka.KafkaListenerEndpointContainer#0-0-C-1","logger":"o.a.k.c.m.Metrics","message":"Metrics scheduler closed","mdc":}
{"timestamp":"2026-01-28 17:01:47,008","level":"INFO","thread":"org.springframework.kafka.KafkaListenerEndpointContainer#0-0-C-1","logger":"o.a.k.c.m.Metrics","message":"Closing reporter org.apache.kafka.common.metrics.JmxReporter","mdc":}
{"timestamp":"2026-01-28 17:01:47,008","level":"INFO","thread":"org.springframework.kafka.KafkaListenerEndpointContainer#0-0-C-1","logger":"o.a.k.c.m.Metrics","message":"Closing reporter org.apache.kafka.common.telemetry.internals.ClientTelemetryReporter","mdc":}
{"timestamp":"2026-01-28 17:01:47,008","level":"INFO","thread":"org.springframework.kafka.KafkaListenerEndpointContainer#0-0-C-1","logger":"o.a.k.c.m.Metrics","message":"Metrics reporters closed","mdc":}
{"timestamp":"2026-01-28 17:01:47,020","level":"INFO","thread":"org.springframework.kafka.KafkaListenerEndpointContainer#0-0-C-1","logger":"o.a.k.c.u.AppInfoParser","message":"App info kafka.consumer for consumer-rules-engine-1 unregistered","mdc":}
{"timestamp":"2026-01-28 17:01:47,021","level":"INFO","thread":"org.springframework.kafka.KafkaListenerEndpointContainer#0-0-C-1","logger":"o.s.k.l.KafkaMessageListenerContainer","message":"rules-engine: Consumer stopped","mdc":}
{"timestamp":"2026-01-28 17:01:47,185","level":"INFO","thread":"org.springframework.kafka.KafkaListenerEndpointContainer#0-1-C-1","logger":"o.a.k.c.c.i.ConsumerCoordinator","message":"[Consumer clientId=consumer-rules-engine-2, groupId=rules-engine] Resetting generation and member id due to: consumer pro-actively leaving the group","mdc":}
{"timestamp":"2026-01-28 17:01:47,185","level":"INFO","thread":"org.springframework.kafka.KafkaListenerEndpointContainer#0-1-C-1","logger":"o.a.k.c.c.i.ConsumerCoordinator","message":"[Consumer clientId=consumer-rules-engine-2, groupId=rules-engine] Request joining group due to: consumer pro-actively leaving the group","mdc":}
{"timestamp":"2026-01-28 17:01:47,185","level":"INFO","thread":"org.springframework.kafka.KafkaListenerEndpointContainer#0-1-C-1","logger":"o.a.k.c.c.i.LegacyKafkaConsumer","message":"[Consumer clientId=consumer-rules-engine-2, groupId=rules-engine] Unsubscribed all topics or patterns and assigned partitions","mdc":}
{"timestamp":"2026-01-28 17:01:47,186","level":"INFO","thread":"org.springframework.kafka.KafkaListenerEndpointContainer#0-1-C-1","logger":"o.a.k.c.c.i.ConsumerCoordinator","message":"[Consumer clientId=consumer-rules-engine-2, groupId=rules-engine] Resetting generation and member id due to: consumer pro-actively leaving the group","mdc":}
{"timestamp":"2026-01-28 17:01:47,186","level":"INFO","thread":"org.springframework.kafka.KafkaListenerEndpointContainer#0-1-C-1","logger":"o.a.k.c.c.i.ConsumerCoordinator","message":"[Consumer clientId=consumer-rules-engine-2, groupId=rules-engine] Request joining group due to: consumer pro-actively leaving the group","mdc":}
{"timestamp":"2026-01-28 17:01:47,187","level":"INFO","thread":"org.springframework.kafka.KafkaListenerEndpointContainer#0-1-C-1","logger":"o.a.k.c.m.Metrics","message":"Metrics scheduler closed","mdc":}
{"timestamp":"2026-01-28 17:01:47,187","level":"INFO","thread":"org.springframework.kafka.KafkaListenerEndpointContainer#0-1-C-1","logger":"o.a.k.c.m.Metrics","message":"Closing reporter org.apache.kafka.common.metrics.JmxReporter","mdc":}
{"timestamp":"2026-01-28 17:01:47,188","level":"INFO","thread":"org.springframework.kafka.KafkaListenerEndpointContainer#0-1-C-1","logger":"o.a.k.c.m.Metrics","message":"Closing reporter org.apache.kafka.common.telemetry.internals.ClientTelemetryReporter","mdc":}
{"timestamp":"2026-01-28 17:01:47,188","level":"INFO","thread":"org.springframework.kafka.KafkaListenerEndpointContainer#0-1-C-1","logger":"o.a.k.c.m.Metrics","message":"Metrics reporters closed","mdc":}
{"timestamp":"2026-01-28 17:01:47,193","level":"INFO","thread":"org.springframework.kafka.KafkaListenerEndpointContainer#0-2-C-1","logger":"o.a.k.c.c.i.ConsumerCoordinator","message":"[Consumer clientId=consumer-rules-engine-3, groupId=rules-engine] Resetting generation and member id due to: consumer pro-actively leaving the group","mdc":}
{"timestamp":"2026-01-28 17:01:47,193","level":"INFO","thread":"org.springframework.kafka.KafkaListenerEndpointContainer#0-2-C-1","logger":"o.a.k.c.c.i.ConsumerCoordinator","message":"[Consumer clientId=consumer-rules-engine-3, groupId=rules-engine] Request joining group due to: consumer pro-actively leaving the group","mdc":}
{"timestamp":"2026-01-28 17:01:47,193","level":"INFO","thread":"org.springframework.kafka.KafkaListenerEndpointContainer#0-2-C-1","logger":"o.a.k.c.c.i.LegacyKafkaConsumer","message":"[Consumer clientId=consumer-rules-engine-3, groupId=rules-engine] Unsubscribed all topics or patterns and assigned partitions","mdc":}
{"timestamp":"2026-01-28 17:01:47,194","level":"INFO","thread":"org.springframework.kafka.KafkaListenerEndpointContainer#0-2-C-1","logger":"o.a.k.c.c.i.ConsumerCoordinator","message":"[Consumer clientId=consumer-rules-engine-3, groupId=rules-engine] Resetting generation and member id due to: consumer pro-actively leaving the group","mdc":}
{"timestamp":"2026-01-28 17:01:47,194","level":"INFO","thread":"org.springframework.kafka.KafkaListenerEndpointContainer#0-2-C-1","logger":"o.a.k.c.c.i.ConsumerCoordinator","message":"[Consumer clientId=consumer-rules-engine-3, groupId=rules-engine] Request joining group due to: consumer pro-actively leaving the group","mdc":}
{"timestamp":"2026-01-28 17:01:47,194","level":"INFO","thread":"org.springframework.kafka.KafkaListenerEndpointContainer#0-1-C-1","logger":"o.a.k.c.u.AppInfoParser","message":"App info kafka.consumer for consumer-rules-engine-2 unregistered","mdc":}
{"timestamp":"2026-01-28 17:01:47,194","level":"INFO","thread":"org.springframework.kafka.KafkaListenerEndpointContainer#0-1-C-1","logger":"o.s.k.l.KafkaMessageListenerContainer","message":"rules-engine: Consumer stopped","mdc":}
{"timestamp":"2026-01-28 17:01:47,195","level":"INFO","thread":"org.springframework.kafka.KafkaListenerEndpointContainer#0-2-C-1","logger":"o.a.k.c.m.Metrics","message":"Metrics scheduler closed","mdc":}
{"timestamp":"2026-01-28 17:01:47,195","level":"INFO","thread":"org.springframework.kafka.KafkaListenerEndpointContainer#0-2-C-1","logger":"o.a.k.c.m.Metrics","message":"Closing reporter org.apache.kafka.common.metrics.JmxReporter","mdc":}
{"timestamp":"2026-01-28 17:01:47,195","level":"INFO","thread":"org.springframework.kafka.KafkaListenerEndpointContainer#0-2-C-1","logger":"o.a.k.c.m.Metrics","message":"Closing reporter org.apache.kafka.common.telemetry.internals.ClientTelemetryReporter","mdc":}
{"timestamp":"2026-01-28 17:01:47,195","level":"INFO","thread":"org.springframework.kafka.KafkaListenerEndpointContainer#0-2-C-1","logger":"o.a.k.c.m.Metrics","message":"Metrics reporters closed","mdc":}
{"timestamp":"2026-01-28 17:01:47,201","level":"INFO","thread":"org.springframework.kafka.KafkaListenerEndpointContainer#0-2-C-1","logger":"o.a.k.c.u.AppInfoParser","message":"App info kafka.consumer for consumer-rules-engine-3 unregistered","mdc":}
{"timestamp":"2026-01-28 17:01:47,201","level":"INFO","thread":"org.springframework.kafka.KafkaListenerEndpointContainer#0-2-C-1","logger":"o.s.k.l.KafkaMessageListenerContainer","message":"rules-engine: Consumer stopped","mdc":}
{"timestamp":"2026-01-28 17:01:47,317","level":"INFO","thread":"org.springframework.kafka.KafkaListenerEndpointContainer#0-3-C-1","logger":"o.a.k.c.c.i.ConsumerCoordinator","message":"[Consumer clientId=consumer-rules-engine-4, groupId=rules-engine] Resetting generation and member id due to: consumer pro-actively leaving the group","mdc":}
{"timestamp":"2026-01-28 17:01:47,317","level":"INFO","thread":"org.springframework.kafka.KafkaListenerEndpointContainer#0-3-C-1","logger":"o.a.k.c.c.i.ConsumerCoordinator","message":"[Consumer clientId=consumer-rules-engine-4, groupId=rules-engine] Request joining group due to: consumer pro-actively leaving the group","mdc":}
{"timestamp":"2026-01-28 17:01:47,318","level":"INFO","thread":"org.springframework.kafka.KafkaListenerEndpointContainer#0-3-C-1","logger":"o.a.k.c.c.i.LegacyKafkaConsumer","message":"[Consumer clientId=consumer-rules-engine-4, groupId=rules-engine] Unsubscribed all topics or patterns and assigned partitions","mdc":}
{"timestamp":"2026-01-28 17:01:47,318","level":"INFO","thread":"org.springframework.kafka.KafkaListenerEndpointContainer#0-3-C-1","logger":"o.a.k.c.c.i.ConsumerCoordinator","message":"[Consumer clientId=consumer-rules-engine-4, groupId=rules-engine] Resetting generation and member id due to: consumer pro-actively leaving the group","mdc":}
{"timestamp":"2026-01-28 17:01:47,318","level":"INFO","thread":"org.springframework.kafka.KafkaListenerEndpointContainer#0-3-C-1","logger":"o.a.k.c.c.i.ConsumerCoordinator","message":"[Consumer clientId=consumer-rules-engine-4, groupId=rules-engine] Request joining group due to: consumer pro-actively leaving the group","mdc":}
{"timestamp":"2026-01-28 17:01:47,320","level":"INFO","thread":"org.springframework.kafka.KafkaListenerEndpointContainer#0-3-C-1","logger":"o.a.k.c.m.Metrics","message":"Metrics scheduler closed","mdc":}
{"timestamp":"2026-01-28 17:01:47,320","level":"INFO","thread":"org.springframework.kafka.KafkaListenerEndpointContainer#0-3-C-1","logger":"o.a.k.c.m.Metrics","message":"Closing reporter org.apache.kafka.common.metrics.JmxReporter","mdc":}
{"timestamp":"2026-01-28 17:01:47,320","level":"INFO","thread":"org.springframework.kafka.KafkaListenerEndpointContainer#0-3-C-1","logger":"o.a.k.c.m.Metrics","message":"Closing reporter org.apache.kafka.common.telemetry.internals.ClientTelemetryReporter","mdc":}
{"timestamp":"2026-01-28 17:01:47,320","level":"INFO","thread":"org.springframework.kafka.KafkaListenerEndpointContainer#0-3-C-1","logger":"o.a.k.c.m.Metrics","message":"Metrics reporters closed","mdc":}
{"timestamp":"2026-01-28 17:01:47,326","level":"INFO","thread":"org.springframework.kafka.KafkaListenerEndpointContainer#0-3-C-1","logger":"o.a.k.c.u.AppInfoParser","message":"App info kafka.consumer for consumer-rules-engine-4 unregistered","mdc":}
{"timestamp":"2026-01-28 17:01:47,329","level":"INFO","thread":"org.springframework.kafka.KafkaListenerEndpointContainer#0-3-C-1","logger":"o.s.k.l.KafkaMessageListenerContainer","message":"rules-engine: Consumer stopped","mdc":}
{"timestamp":"2026-01-28 17:01:47,494","level":"INFO","thread":"SpringApplicationShutdownHook","logger":"o.s.o.j.LocalContainerEntityManagerFactoryBean","message":"Closing JPA EntityManagerFactory for persistence unit 'default'","mdc":}
{"timestamp":"2026-01-28 17:01:47,497","level":"INFO","thread":"SpringApplicationShutdownHook","logger":"c.z.h.HikariDataSource","message":"HikariPool-1 - Shutdown initiated...","mdc":}
{"timestamp":"2026-01-28 17:01:47,509","level":"INFO","thread":"SpringApplicationShutdownHook","logger":"c.z.h.HikariDataSource","message":"HikariPool-1 - Shutdown completed.","mdc":}
